<?xml version="1.0" encoding="UTF-8"?>
<testng-results skipped="0" failed="0" ignored="0" total="1" passed="1">
  <reporter-output>
  </reporter-output>
  <suite name="Default suite" duration-ms="32" started-at="2019-11-27T15:03:02 ICT" finished-at="2019-11-27T15:03:02 ICT">
    <groups>
    </groups>
    <test name="Default test" duration-ms="32" started-at="2019-11-27T15:03:02 ICT" finished-at="2019-11-27T15:03:02 ICT">
      <class name="maytinhcanhan.test.MethotTest">
        <test-method status="PASS" signature="testMaytinhcanhan()[pri:0, instance:maytinhcanhan.test.MethotTest@60c6f5b]" name="testMaytinhcanhan" duration-ms="4" started-at="2019-11-27T15:03:02 ICT" finished-at="2019-11-27T15:03:02 ICT">
          <reporter-output>
          </reporter-output>
        </test-method> <!-- testMaytinhcanhan -->
      </class> <!-- maytinhcanhan.test.MethotTest -->
    </test> <!-- Default test -->
  </suite> <!-- Default suite -->
</testng-results>
